<?xml version="1.0" encoding="UTF-8"?>
<robot generator="Robot 7.2.2 (Python 3.13.2 on win32)" generated="2025-04-23T15:25:23.408320" rpa="false" schemaversion="5">
<suite id="s1" name="Robot pro" source="D:\STUDY\Python\pycharm\Robot_pro">
<suite id="s1-s1" name="Tests" source="D:\STUDY\Python\pycharm\Robot_pro\Tests">
<suite id="s1-s1-s1" name="testDemo1" source="D:\STUDY\Python\pycharm\Robot_pro\Tests\testDemo1.robot">
<test id="s1-s1-s1-t1" name="Validate Successfully login" line="7">
<kw name="open the browser with the facebook url">
<kw name="Create Webdriver" owner="SeleniumLibrary">
<msg time="2025-04-23T15:25:23.923837" level="INFO">Creating an instance of the Chrome WebDriver.</msg>
<arg>Chrome</arg>
<doc>Creates an instance of Selenium WebDriver.</doc>
<status status="PASS" start="2025-04-23T15:25:23.923582" elapsed="4.985453"/>
</kw>
<kw name="Go To" owner="SeleniumLibrary">
<msg time="2025-04-23T15:25:28.909896" level="INFO">Opening url 'https://facebook.com'</msg>
<arg>https://facebook.com</arg>
<doc>Navigates the current browser window to the provided ``url``.</doc>
<status status="PASS" start="2025-04-23T15:25:28.909611" elapsed="2.028232"/>
</kw>
<status status="PASS" start="2025-04-23T15:25:23.919479" elapsed="7.018543"/>
</kw>
<status status="PASS" start="2025-04-23T15:25:23.918186" elapsed="7.020370"/>
</test>
<doc>To validate the login form</doc>
<status status="PASS" start="2025-04-23T15:25:23.493438" elapsed="7.446498"/>
</suite>
<status status="PASS" start="2025-04-23T15:25:23.491754" elapsed="7.450203"/>
</suite>
<status status="PASS" start="2025-04-23T15:25:23.410814" elapsed="7.532634"/>
</suite>
<statistics>
<total>
<stat pass="1" fail="0" skip="0">All Tests</stat>
</total>
<tag>
</tag>
<suite>
<stat name="Robot pro" id="s1" pass="1" fail="0" skip="0">Robot pro</stat>
<stat name="Tests" id="s1-s1" pass="1" fail="0" skip="0">Robot pro.Tests</stat>
<stat name="testDemo1" id="s1-s1-s1" pass="1" fail="0" skip="0">Robot pro.Tests.testDemo1</stat>
</suite>
</statistics>
<errors>
</errors>
</robot>
