<?xml version="1.0" encoding="UTF-8"?>
<robot generator="Robot 7.0.1 (Python 3.12.3 on win32)" generated="2024-08-10T22:37:34.707325" rpa="false" schemaversion="5">
<suite id="s1" name="Demoqa" source="D:\STUDY\Python\pycharm\Robot_pro\robot_4\demoqa.robot">
<test id="s1-t1" name="Qa Test Case DemoQa" line="6">
<kw name="Open the browser with perfect url">
<kw name="Open Browser" owner="SeleniumLibrary">
<msg time="2024-08-10T22:37:35.144825" level="INFO">Opening browser 'Chrome' to base url 'https://demoqa.com/'.</msg>
<arg>https://demoqa.com/</arg>
<arg>Chrome</arg>
<doc>Opens a new browser instance to the optional ``url``.</doc>
<status status="PASS" start="2024-08-10T22:37:35.144825" elapsed="2.682630"/>
</kw>
<kw name="Maximize Browser Window" owner="SeleniumLibrary">
<doc>Maximizes current browser window.</doc>
<status status="PASS" start="2024-08-10T22:37:37.828456" elapsed="4.059541"/>
</kw>
<status status="PASS" start="2024-08-10T22:37:35.129205" elapsed="6.758792"/>
</kw>
<kw name="Click on Elements">
<kw name="Execute Javascript" owner="SeleniumLibrary">
<msg time="2024-08-10T22:37:41.887997" level="INFO">Executing JavaScript:
window.scrollBy(0,500)
Without any arguments.</msg>
<arg>window.scrollBy(0,500)</arg>
<doc>Executes the given JavaScript code with possible arguments.</doc>
<status status="PASS" start="2024-08-10T22:37:41.887997" elapsed="0.057645"/>
</kw>
<kw name="Click Element" owner="SeleniumLibrary">
<msg time="2024-08-10T22:37:41.946700" level="INFO">Clicking element 'xpath://div[@class='card-body'][1]'.</msg>
<arg>xpath://div[@class='card-body'][1]</arg>
<doc>Click the element identified by ``locator``.</doc>
<status status="PASS" start="2024-08-10T22:37:41.946700" elapsed="0.232141"/>
</kw>
<status status="PASS" start="2024-08-10T22:37:41.887997" elapsed="0.290844"/>
</kw>
<kw name="Get List Of Items Under Elements">
<kw name="Create List" owner="BuiltIn">
<msg time="2024-08-10T22:37:42.181611" level="INFO">@{Element_List} = [ xpath://div[@class='element-list collapse show']/ul[@class='menu-list'] ]</msg>
<var>@{Element_List}</var>
<arg>xpath://div[@class='element-list collapse show']/ul[@class='menu-list']</arg>
<doc>Returns a list containing given items.</doc>
<status status="PASS" start="2024-08-10T22:37:42.180841" elapsed="0.000770"/>
</kw>
<for flavor="IN">
<iter>
<kw name="Log To Console" owner="BuiltIn">
<arg>${i}</arg>
<doc>Logs the given message to the console.</doc>
<status status="PASS" start="2024-08-10T22:37:42.181611" elapsed="0.000000"/>
</kw>
<var name="${i}">xpath://div[@class='element-list collapse show']/ul[@class='menu-list']</var>
<status status="PASS" start="2024-08-10T22:37:42.181611" elapsed="0.000000"/>
</iter>
<var>${i}</var>
<value>@{Element_List}</value>
<status status="PASS" start="2024-08-10T22:37:42.181611" elapsed="0.000000"/>
</for>
<status status="PASS" start="2024-08-10T22:37:42.179841" elapsed="0.001770"/>
</kw>
<status status="PASS" start="2024-08-10T22:37:35.129205" elapsed="7.052406"/>
</test>
<doc>Test All Condition DemoQa</doc>
<status status="PASS" start="2024-08-10T22:37:34.707325" elapsed="7.474286"/>
</suite>
<statistics>
<total>
<stat pass="1" fail="0" skip="0">All Tests</stat>
</total>
<tag>
</tag>
<suite>
<stat pass="1" fail="0" skip="0" id="s1" name="Demoqa">Demoqa</stat>
</suite>
</statistics>
<errors>
</errors>
</robot>
